<?xml version="1.0" encoding="UTF-8"?>
<!-- Generated by org.testng.reporters.JUnitXMLReporter -->
<testsuite hostname="thinkpad-l480" ignored="0" name="Default test" tests="1" failures="1" timestamp="05 Apr 2019 06:04:25 GMT" time="2.528" errors="0">
  <testcase name="createCard" time="2.506" classname="com.trello.regression.CreateCardTest">
    <failure type="javax.ws.rs.ProcessingException" message="javax.ws.rs.core.Response$Status$Family.familyOf(I)Ljavax/ws/rs/core/Response$Status$Family;">
      <![CDATA[javax.ws.rs.ProcessingException: javax.ws.rs.core.Response$Status$Family.familyOf(I)Ljavax/ws/rs/core/Response$Status$Family;
at org.glassfish.jersey.client.ClientRuntime.invoke(ClientRuntime.java:263)
at org.glassfish.jersey.client.JerseyInvocation.lambda$invoke$1(JerseyInvocation.java:743)
at org.glassfish.jersey.internal.Errors.process(Errors.java:292)
at org.glassfish.jersey.internal.Errors.process(Errors.java:274)
at org.glassfish.jersey.internal.Errors.process(Errors.java:205)
at org.glassfish.jersey.process.internal.RequestScope.runInScope(RequestScope.java:390)
at org.glassfish.jersey.client.JerseyInvocation.invoke(JerseyInvocation.java:741)
at org.glassfish.jersey.client.JerseyInvocation$Builder.method(JerseyInvocation.java:432)
at org.glassfish.jersey.client.JerseyInvocation$Builder.post(JerseyInvocation.java:333)
at com.trello.client.TrelloClient.createCardRestAPI(TrelloClient.java:43)
at com.trello.regression.CreateCardTest.createCard(CreateCardTest.java:30)
at sun.reflect.NativeMethodAccessorImpl.invoke0(Native Method)
at sun.reflect.NativeMethodAccessorImpl.invoke(NativeMethodAccessorImpl.java:62)
at sun.reflect.DelegatingMethodAccessorImpl.invoke(DelegatingMethodAccessorImpl.java:43)
at java.lang.reflect.Method.invoke(Method.java:498)
at org.testng.internal.MethodInvocationHelper.invokeMethod(MethodInvocationHelper.java:124)
at org.testng.internal.Invoker.invokeMethod(Invoker.java:583)
at org.testng.internal.Invoker.invokeTestMethod(Invoker.java:719)
at org.testng.internal.Invoker.invokeTestMethods(Invoker.java:989)
at org.testng.internal.TestMethodWorker.invokeTestMethods(TestMethodWorker.java:125)
at org.testng.internal.TestMethodWorker.run(TestMethodWorker.java:109)
at org.testng.TestRunner.privateRun(TestRunner.java:648)
at org.testng.TestRunner.run(TestRunner.java:505)
at org.testng.SuiteRunner.runTest(SuiteRunner.java:455)
at org.testng.SuiteRunner.runSequentially(SuiteRunner.java:450)
at org.testng.SuiteRunner.privateRun(SuiteRunner.java:415)
at org.testng.SuiteRunner.run(SuiteRunner.java:364)
at org.testng.SuiteRunnerWorker.runSuite(SuiteRunnerWorker.java:52)
at org.testng.SuiteRunnerWorker.run(SuiteRunnerWorker.java:84)
at org.testng.TestNG.runSuitesSequentially(TestNG.java:1208)
at org.testng.TestNG.runSuitesLocally(TestNG.java:1137)
at org.testng.TestNG.runSuites(TestNG.java:1049)
at org.testng.TestNG.run(TestNG.java:1017)
at org.testng.remote.AbstractRemoteTestNG.run(AbstractRemoteTestNG.java:114)
at org.testng.remote.RemoteTestNG.initAndRun(RemoteTestNG.java:251)
at org.testng.remote.RemoteTestNG.main(RemoteTestNG.java:77)
Caused by: java.lang.NoSuchMethodError: javax.ws.rs.core.Response$Status$Family.familyOf(I)Ljavax/ws/rs/core/Response$Status$Family;
at org.glassfish.jersey.message.internal.Statuses$StatusImpl.<init>(Statuses.java:40)
at org.glassfish.jersey.message.internal.Statuses$StatusImpl.<init>(Statuses.java:31)
at org.glassfish.jersey.message.internal.Statuses.from(Statuses.java:120)
at org.glassfish.jersey.client.internal.HttpUrlConnector._apply(HttpUrlConnector.java:369)
at org.glassfish.jersey.client.internal.HttpUrlConnector.apply(HttpUrlConnector.java:258)
at org.glassfish.jersey.client.ClientRuntime.invoke(ClientRuntime.java:254)
... 35 more
]]>
    </failure>
  </testcase> <!-- createCard -->
</testsuite> <!-- Default test -->
